Using pre-set license

 COMMAND LINE ARGUMENTS:
/Applications/Unity/Hub/Editor/2020.3.0f1/Unity.app/Contents/MacOS/Unity
-adb2
-batchMode
-noUpm
-name
AssetImportWorker0
-projectPath
/Users/mattkern/Repo/Columbia/G235-2/Class09/Unity_IntroDemoInit
-logFile
Logs/AssetImportWorker0.log
-srvPort
51688
Successfully changed project path to: /Users/mattkern/Repo/Columbia/G235-2/Class09/Unity_IntroDemoInit
/Users/mattkern/Repo/Columbia/G235-2/Class09/Unity_IntroDemoInit
Using Asset Import Pipeline V2.
Refreshing native plugins compatible for Editor in 23.15 ms, found 1 plugins.
Preloading 0 native plugins for Editor in 0.00 ms.
Initialize engine version: 2020.3.0f1 (c7b5465681fb)
[Subsystems] Discovering subsystems at path /Applications/Unity/Hub/Editor/2020.3.0f1/Unity.app/Contents/Resources/UnitySubsystems
[Subsystems] Discovering subsystems at path /Users/mattkern/Repo/Columbia/G235-2/Class09/Unity_IntroDemoInit/Assets
GfxDevice: creating device client; threaded=0
2022-11-01 20:43:05.193 Unity[3531:35612] (null) preferred device: Apple M1 Max (high power)
2022-11-01 20:43:05.193 Unity[3531:35612] Metal devices available: 1
2022-11-01 20:43:05.193 Unity[3531:35612] 0: Apple M1 Max (high power)
2022-11-01 20:43:05.193 Unity[3531:35612] Using device Apple M1 Max (high power)
Initializing Metal device caps: Apple M1 Max
Initialize mono
Mono path[0] = '/Applications/Unity/Hub/Editor/2020.3.0f1/Unity.app/Contents/Managed'
Mono path[1] = '/Applications/Unity/Hub/Editor/2020.3.0f1/Unity.app/Contents/MonoBleedingEdge/lib/mono/unityjit'
Mono config path = '/Applications/Unity/Hub/Editor/2020.3.0f1/Unity.app/Contents/MonoBleedingEdge/etc'
Using monoOptions --debugger-agent=transport=dt_socket,embedding=1,server=y,suspend=n,address=127.0.0.1:56531
Begin MonoManager ReloadAssembly
Registering precompiled unity dll's ...
Register platform support module: /Applications/Unity/Hub/Editor/2020.3.0f1/Unity.app/Contents/PlaybackEngines/MacStandaloneSupport/UnityEditor.OSXStandalone.Extensions.dll
Registered in 0.000291 seconds.
Native extension for OSXStandalone target not found
Refreshing native plugins compatible for Editor in 23.49 ms, found 1 plugins.
Preloading 0 native plugins for Editor in 0.00 ms.
Invoked RoslynAnalysisRunner static constructor.
RoslynAnalysisRunner will not be running.
RoslynAnalysisRunner has terminated.
Mono: successfully reloaded assembly
- Completed reload, in  1.578 seconds
Platform modules already initialized, skipping
Registering precompiled user dll's ...
Registered in 0.000260 seconds.
Begin MonoManager ReloadAssembly
Native extension for OSXStandalone target not found
Refreshing native plugins compatible for Editor in 0.28 ms, found 1 plugins.
Preloading 0 native plugins for Editor in 0.00 ms.
Invoked RoslynAnalysisRunner static constructor.
RoslynAnalysisRunner will not be running.
RoslynAnalysisRunner has terminated.
Mono: successfully reloaded assembly
- Completed reload, in  1.666 seconds
Platform modules already initialized, skipping
========================================================================
Worker process is ready to serve import requests
Launching external process: /Applications/Unity/Hub/Editor/2020.3.0f1/Unity.app/Contents/Tools/UnityShaderCompiler
Launched and connected shader compiler UnityShaderCompiler after 0.02 seconds
Refreshing native plugins compatible for Editor in 0.20 ms, found 1 plugins.
Preloading 0 native plugins for Editor in 0.00 ms.
Unloading 1121 Unused Serialized files (Serialized files now loaded: 0)
System memory in use before: 107.3 MB.
System memory in use after: 107.4 MB.

Unloading 10 unused Assets to reduce memory usage. Loaded Objects now: 1563.
Total: 1.413375 ms (FindLiveObjects: 0.106917 ms CreateObjectMapping: 0.024125 ms MarkObjects: 1.179250 ms  DeleteObjects: 0.102167 ms)

========================================================================
Received Import Request.
  path: Assets/Scripts/TriggerSound.cs
  artifactKey: Guid(85f713af7adbf4274805eac877961ad3) Importer(815301076,1909f56bfc062723c751e8b465ee728b)
Start importing Assets/Scripts/TriggerSound.cs using Guid(85f713af7adbf4274805eac877961ad3) Importer(815301076,1909f56bfc062723c751e8b465ee728b)  -> (artifact id: '648b40992511826f2edd07a353fa6e8e') in 0.079961 seconds
  Import took 0.081695 seconds .

========================================================================
Received Prepare
Registering precompiled user dll's ...
Registered in 0.000245 seconds.
Begin MonoManager ReloadAssembly
Native extension for OSXStandalone target not found
Refreshing native plugins compatible for Editor in 0.22 ms, found 1 plugins.
Preloading 0 native plugins for Editor in 0.00 ms.
Invoked RoslynAnalysisRunner static constructor.
RoslynAnalysisRunner will not be running.
RoslynAnalysisRunner has terminated.
Mono: successfully reloaded assembly
- Completed reload, in  1.477 seconds
Platform modules already initialized, skipping
Refreshing native plugins compatible for Editor in 0.13 ms, found 1 plugins.
Preloading 0 native plugins for Editor in 0.00 ms.
Unloading 1116 Unused Serialized files (Serialized files now loaded: 0)
System memory in use before: 111.9 MB.
System memory in use after: 111.9 MB.

Unloading 5 unused Assets to reduce memory usage. Loaded Objects now: 1566.
Total: 1.122583 ms (FindLiveObjects: 0.102667 ms CreateObjectMapping: 0.023917 ms MarkObjects: 0.940875 ms  DeleteObjects: 0.054000 ms)

========================================================================
Received Import Request.
  Time since last request: 198.452153 seconds.
  path: Assets/Scripts/TriggerSound.cs
  artifactKey: Guid(85f713af7adbf4274805eac877961ad3) Importer(815301076,1909f56bfc062723c751e8b465ee728b)
Start importing Assets/Scripts/TriggerSound.cs using Guid(85f713af7adbf4274805eac877961ad3) Importer(815301076,1909f56bfc062723c751e8b465ee728b)  -> (artifact id: '197f3a5622921fa0560ce9e82769ac19') in 0.005406 seconds
  Import took 0.007020 seconds .

========================================================================
Received Prepare
Registering precompiled user dll's ...
Registered in 0.000204 seconds.
Begin MonoManager ReloadAssembly
Native extension for OSXStandalone target not found
Refreshing native plugins compatible for Editor in 0.20 ms, found 1 plugins.
Preloading 0 native plugins for Editor in 0.00 ms.
Invoked RoslynAnalysisRunner static constructor.
RoslynAnalysisRunner will not be running.
RoslynAnalysisRunner has terminated.
Mono: successfully reloaded assembly
- Completed reload, in  1.416 seconds
Platform modules already initialized, skipping
Refreshing native plugins compatible for Editor in 0.14 ms, found 1 plugins.
Preloading 0 native plugins for Editor in 0.00 ms.
Unloading 1116 Unused Serialized files (Serialized files now loaded: 0)
System memory in use before: 111.9 MB.
System memory in use after: 112.0 MB.

Unloading 5 unused Assets to reduce memory usage. Loaded Objects now: 1569.
Total: 1.081916 ms (FindLiveObjects: 0.096917 ms CreateObjectMapping: 0.023000 ms MarkObjects: 0.922625 ms  DeleteObjects: 0.038292 ms)

========================================================================
Received Prepare
Registering precompiled user dll's ...
Registered in 0.000208 seconds.
Begin MonoManager ReloadAssembly
Native extension for OSXStandalone target not found
Refreshing native plugins compatible for Editor in 0.21 ms, found 1 plugins.
Preloading 0 native plugins for Editor in 0.00 ms.
Invoked RoslynAnalysisRunner static constructor.
RoslynAnalysisRunner will not be running.
RoslynAnalysisRunner has terminated.
Mono: successfully reloaded assembly
- Completed reload, in  1.418 seconds
Platform modules already initialized, skipping
Refreshing native plugins compatible for Editor in 0.13 ms, found 1 plugins.
Preloading 0 native plugins for Editor in 0.00 ms.
Unloading 1116 Unused Serialized files (Serialized files now loaded: 0)
System memory in use before: 112.1 MB.
System memory in use after: 112.2 MB.

Unloading 5 unused Assets to reduce memory usage. Loaded Objects now: 1572.
Total: 1.211209 ms (FindLiveObjects: 0.076542 ms CreateObjectMapping: 0.023041 ms MarkObjects: 1.073750 ms  DeleteObjects: 0.036834 ms)

========================================================================
Received Prepare
Registering precompiled user dll's ...
Registered in 0.000208 seconds.
Begin MonoManager ReloadAssembly
Native extension for OSXStandalone target not found
Refreshing native plugins compatible for Editor in 0.21 ms, found 1 plugins.
Preloading 0 native plugins for Editor in 0.00 ms.
Invoked RoslynAnalysisRunner static constructor.
RoslynAnalysisRunner will not be running.
RoslynAnalysisRunner has terminated.
Mono: successfully reloaded assembly
- Completed reload, in  1.322 seconds
Platform modules already initialized, skipping
Refreshing native plugins compatible for Editor in 0.11 ms, found 1 plugins.
Preloading 0 native plugins for Editor in 0.00 ms.
Unloading 1116 Unused Serialized files (Serialized files now loaded: 0)
System memory in use before: 112.3 MB.
System memory in use after: 112.4 MB.

Unloading 5 unused Assets to reduce memory usage. Loaded Objects now: 1575.
Total: 0.997542 ms (FindLiveObjects: 0.068708 ms CreateObjectMapping: 0.021916 ms MarkObjects: 0.874917 ms  DeleteObjects: 0.031125 ms)

========================================================================
Received Import Request.
  Time since last request: 585.377593 seconds.
  path: Assets/Sounds/forest.wav
  artifactKey: Guid(336b2462cb377384489b83d76f58a5d8) Importer(815301076,1909f56bfc062723c751e8b465ee728b)
Start importing Assets/Sounds/forest.wav using Guid(336b2462cb377384489b83d76f58a5d8) Importer(815301076,1909f56bfc062723c751e8b465ee728b)  -> (artifact id: '3e07291250c6f762abdcd55d4152a686') in 0.369499 seconds
  Import took 0.370992 seconds .

========================================================================
Received Prepare
Registering precompiled user dll's ...
Registered in 0.000264 seconds.
Begin MonoManager ReloadAssembly
Native extension for OSXStandalone target not found
Refreshing native plugins compatible for Editor in 0.21 ms, found 1 plugins.
Preloading 0 native plugins for Editor in 0.00 ms.
Invoked RoslynAnalysisRunner static constructor.
RoslynAnalysisRunner will not be running.
RoslynAnalysisRunner has terminated.
Mono: successfully reloaded assembly
- Completed reload, in  1.395 seconds
Platform modules already initialized, skipping
Refreshing native plugins compatible for Editor in 0.18 ms, found 1 plugins.
Preloading 0 native plugins for Editor in 0.00 ms.
Unloading 1116 Unused Serialized files (Serialized files now loaded: 0)
System memory in use before: 120.2 MB.
System memory in use after: 120.2 MB.

Unloading 5 unused Assets to reduce memory usage. Loaded Objects now: 1587.
Total: 1.160667 ms (FindLiveObjects: 0.095917 ms CreateObjectMapping: 0.023583 ms MarkObjects: 0.994208 ms  DeleteObjects: 0.046041 ms)

========================================================================
Received Prepare
Registering precompiled user dll's ...
Registered in 0.000261 seconds.
Begin MonoManager ReloadAssembly
Native extension for OSXStandalone target not found
Refreshing native plugins compatible for Editor in 0.21 ms, found 1 plugins.
Preloading 0 native plugins for Editor in 0.00 ms.
Invoked RoslynAnalysisRunner static constructor.
RoslynAnalysisRunner will not be running.
RoslynAnalysisRunner has terminated.
Mono: successfully reloaded assembly
- Completed reload, in  1.461 seconds
Platform modules already initialized, skipping
Refreshing native plugins compatible for Editor in 0.17 ms, found 1 plugins.
Preloading 0 native plugins for Editor in 0.00 ms.
Unloading 1116 Unused Serialized files (Serialized files now loaded: 0)
System memory in use before: 120.4 MB.
System memory in use after: 120.4 MB.

Unloading 5 unused Assets to reduce memory usage. Loaded Objects now: 1590.
Total: 1.087333 ms (FindLiveObjects: 0.092917 ms CreateObjectMapping: 0.022458 ms MarkObjects: 0.927417 ms  DeleteObjects: 0.043708 ms)

========================================================================
Received Prepare
Registering precompiled user dll's ...
Registered in 0.000213 seconds.
Begin MonoManager ReloadAssembly
Native extension for OSXStandalone target not found
Refreshing native plugins compatible for Editor in 0.22 ms, found 1 plugins.
Preloading 0 native plugins for Editor in 0.00 ms.
Invoked RoslynAnalysisRunner static constructor.
RoslynAnalysisRunner will not be running.
RoslynAnalysisRunner has terminated.
Mono: successfully reloaded assembly
- Completed reload, in  1.441 seconds
Platform modules already initialized, skipping
Refreshing native plugins compatible for Editor in 0.13 ms, found 1 plugins.
Preloading 0 native plugins for Editor in 0.00 ms.
Unloading 1116 Unused Serialized files (Serialized files now loaded: 0)
System memory in use before: 120.6 MB.
System memory in use after: 120.6 MB.

Unloading 5 unused Assets to reduce memory usage. Loaded Objects now: 1593.
Total: 1.138000 ms (FindLiveObjects: 0.150000 ms CreateObjectMapping: 0.023709 ms MarkObjects: 0.919041 ms  DeleteObjects: 0.044291 ms)

========================================================================
Received Import Request.
  Time since last request: 1125.104232 seconds.
  path: Assets/Sounds/FieldEnter.wav
  artifactKey: Guid(6b2fb7a7940494fa39bb1a050c0abf0b) Importer(815301076,1909f56bfc062723c751e8b465ee728b)
Start importing Assets/Sounds/FieldEnter.wav using Guid(6b2fb7a7940494fa39bb1a050c0abf0b) Importer(815301076,1909f56bfc062723c751e8b465ee728b)  -> (artifact id: 'b5c471b3d88d27e7fb4021cc14d034bf') in 0.112300 seconds
  Import took 0.114082 seconds .

========================================================================
Received Import Request.
  Time since last request: 0.000222 seconds.
  path: Assets/Sounds/FieldExit.wav
  artifactKey: Guid(3194140131590409d9490f0d23fba0af) Importer(815301076,1909f56bfc062723c751e8b465ee728b)
Start importing Assets/Sounds/FieldExit.wav using Guid(3194140131590409d9490f0d23fba0af) Importer(815301076,1909f56bfc062723c751e8b465ee728b)  -> (artifact id: 'd712427e79c81baf336930e17441c46a') in 0.008594 seconds
  Import took 0.010046 seconds .

========================================================================
Received Prepare
Registering precompiled user dll's ...
Registered in 0.000197 seconds.
Begin MonoManager ReloadAssembly
Native extension for OSXStandalone target not found
Refreshing native plugins compatible for Editor in 0.21 ms, found 1 plugins.
Preloading 0 native plugins for Editor in 0.00 ms.
Invoked RoslynAnalysisRunner static constructor.
RoslynAnalysisRunner will not be running.
RoslynAnalysisRunner has terminated.
Mono: successfully reloaded assembly
- Completed reload, in  1.433 seconds
Platform modules already initialized, skipping
Refreshing native plugins compatible for Editor in 0.14 ms, found 1 plugins.
Preloading 0 native plugins for Editor in 0.00 ms.
Unloading 1116 Unused Serialized files (Serialized files now loaded: 0)
System memory in use before: 121.0 MB.
System memory in use after: 121.0 MB.

Unloading 5 unused Assets to reduce memory usage. Loaded Objects now: 1597.
Total: 1.116417 ms (FindLiveObjects: 0.099250 ms CreateObjectMapping: 0.023208 ms MarkObjects: 0.950417 ms  DeleteObjects: 0.042667 ms)

========================================================================
Received Prepare
Registering precompiled user dll's ...
Registered in 0.000194 seconds.
Begin MonoManager ReloadAssembly
Native extension for OSXStandalone target not found
Refreshing native plugins compatible for Editor in 0.21 ms, found 1 plugins.
Preloading 0 native plugins for Editor in 0.00 ms.
Invoked RoslynAnalysisRunner static constructor.
RoslynAnalysisRunner will not be running.
RoslynAnalysisRunner has terminated.
Mono: successfully reloaded assembly
- Completed reload, in  1.435 seconds
Platform modules already initialized, skipping
Refreshing native plugins compatible for Editor in 0.15 ms, found 1 plugins.
Preloading 0 native plugins for Editor in 0.00 ms.
Unloading 1116 Unused Serialized files (Serialized files now loaded: 0)
System memory in use before: 121.0 MB.
System memory in use after: 121.1 MB.

Unloading 5 unused Assets to reduce memory usage. Loaded Objects now: 1600.
Total: 1.107625 ms (FindLiveObjects: 0.089708 ms CreateObjectMapping: 0.023750 ms MarkObjects: 0.947000 ms  DeleteObjects: 0.046333 ms)

AssetImportWorkerClient::OnTransportError - code=2 error=End of file
